<?xml version="1.0" encoding="UTF-8"?>
<testng-results ignored="0" total="2" passed="2" failed="0" skipped="0">
  <reporter-output>
  </reporter-output>
  <suite started-at="2025-02-25T23:13:33 IST" name="Default suite" finished-at="2025-02-25T23:13:36 IST" duration-ms="3699">
    <groups>
    </groups>
    <test started-at="2025-02-25T23:13:33 IST" name="Default test" finished-at="2025-02-25T23:13:36 IST" duration-ms="3699">
      <class name="automateAPITest.CreateUserTest">
        <test-method signature="createUser()[pri:0, instance:automateAPITest.CreateUserTest@54c5a2ff]" started-at="2025-02-25T23:13:33 IST" name="createUser" finished-at="2025-02-25T23:13:36 IST" duration-ms="3008" status="PASS">
          <reporter-output>
          </reporter-output>
        </test-method> <!-- createUser -->
        <test-method signature="updateUser()[pri:1, instance:automateAPITest.CreateUserTest@54c5a2ff]" started-at="2025-02-25T23:13:36 IST" name="updateUser" finished-at="2025-02-25T23:13:36 IST" duration-ms="636" status="PASS">
          <reporter-output>
          </reporter-output>
        </test-method> <!-- updateUser -->
      </class> <!-- automateAPITest.CreateUserTest -->
    </test> <!-- Default test -->
  </suite> <!-- Default suite -->
</testng-results>
